<?xml version="1.0" encoding="UTF-8"?>
<!-- Generated by org.testng.reporters.JUnitReportReporter -->
<testsuite hostname="GG-SPECTRE" name="MyTestRunner.TestNGRunCucumberTestRunner" tests="2" failures="0" timestamp="24 Jul 2020 18:51:58 GMT" time="156.409" errors="0">
  <testcase name="feature" time="75.693" classname="MyTestRunner.TestNGRunCucumberTestRunner"/>
  <testcase name="feature" time="80.716" classname="MyTestRunner.TestNGRunCucumberTestRunner"/>
</testsuite> <!-- MyTestRunner.TestNGRunCucumberTestRunner -->
